<?xml version="1.0" encoding="UTF-8"?>
<!-- Generated by org.testng.reporters.JUnitXMLReporter -->
<testsuite ignored="4" hostname="DESKTOP-J1CFD8O" failures="0" tests="1" name="Default test" time="33.38" errors="0" timestamp="2024-12-06T13:40:30 IST">
  <testcase classname="test.NaaptolCartTest" name="VerifyAddProductToCartUsingQuickView" time="6.896"/>
  <testcase classname="test.NaaptolCartTest" name="VerifyRemovingProductFromProduct" time="0.0">
    <ignored/>
  </testcase> <!-- VerifyRemovingProductFromProduct -->
  <testcase classname="test.NaaptolCartTest" name="VerifyOnChangingProductQuantityCorrectAmountIsDisplayed" time="0.0">
    <ignored/>
  </testcase> <!-- VerifyOnChangingProductQuantityCorrectAmountIsDisplayed -->
  <testcase classname="test.NaaptolCartTest" name="VerifyAddingMultipleProductToCart" time="0.0">
    <ignored/>
  </testcase> <!-- VerifyAddingMultipleProductToCart -->
  <testcase classname="test.NaaptolCartTest" name="VerifyTotalAmountForMultipleProductInCart" time="0.0">
    <ignored/>
  </testcase> <!-- VerifyTotalAmountForMultipleProductInCart -->
</testsuite> <!-- Default test -->
