<?xml version="1.0" encoding="UTF-8"?>
<testng-results ignored="0" total="12" passed="12" failed="0" skipped="0">
  <reporter-output>
  </reporter-output>
  <suite started-at="2024-12-08T18:37:09 IST" name="Suite" finished-at="2024-12-08T18:43:24 IST" duration-ms="374743">
    <groups>
    </groups>
    <test started-at="2024-12-08T18:37:09 IST" name="ChromeTest" finished-at="2024-12-08T18:43:24 IST" duration-ms="374743">
      <class name="test.ProductDetailTest">
        <test-method is-config="true" signature="LaunchApplication()[pri:0, instance:test.ProductDetailTest@7817fd62]" started-at="2024-12-08T18:37:58 IST" name="LaunchApplication" finished-at="2024-12-08T18:38:09 IST" duration-ms="11419" status="PASS">
          <reporter-output>
          </reporter-output>
        </test-method> <!-- LaunchApplication -->
        <test-method signature="VerifyAddToCartUsingProductDetailPage()[pri:1, instance:test.ProductDetailTest@7817fd62]" started-at="2024-12-08T18:38:09 IST" name="VerifyAddToCartUsingProductDetailPage" finished-at="2024-12-08T18:38:18 IST" duration-ms="8547" status="PASS">
          <reporter-output>
          </reporter-output>
        </test-method> <!-- VerifyAddToCartUsingProductDetailPage -->
      </class> <!-- test.ProductDetailTest -->
      <class name="test.NaaptolSearchTest">
        <test-method is-config="true" signature="LaunchApplication()[pri:0, instance:test.NaaptolSearchTest@385c9627]" started-at="2024-12-08T18:37:10 IST" name="LaunchApplication" finished-at="2024-12-08T18:37:27 IST" duration-ms="17331" status="PASS">
          <reporter-output>
          </reporter-output>
        </test-method> <!-- LaunchApplication -->
        <test-method signature="VerifyIfUserIsAbleToPerformValidSearch()[pri:1, instance:test.NaaptolSearchTest@385c9627]" started-at="2024-12-08T18:37:27 IST" name="VerifyIfUserIsAbleToPerformValidSearch" finished-at="2024-12-08T18:37:39 IST" duration-ms="11663" status="PASS">
          <reporter-output>
          </reporter-output>
        </test-method> <!-- VerifyIfUserIsAbleToPerformValidSearch -->
        <test-method is-config="true" signature="LaunchApplication()[pri:0, instance:test.NaaptolSearchTest@385c9627]" started-at="2024-12-08T18:37:39 IST" name="LaunchApplication" finished-at="2024-12-08T18:37:49 IST" duration-ms="9951" status="PASS">
          <reporter-output>
          </reporter-output>
        </test-method> <!-- LaunchApplication -->
        <test-method signature="VerifyIfUserIsAbleToPerformInValidSearch()[pri:2, instance:test.NaaptolSearchTest@385c9627]" started-at="2024-12-08T18:37:49 IST" name="VerifyIfUserIsAbleToPerformInValidSearch" finished-at="2024-12-08T18:37:58 IST" duration-ms="8814" status="PASS">
          <reporter-output>
          </reporter-output>
        </test-method> <!-- VerifyIfUserIsAbleToPerformInValidSearch -->
      </class> <!-- test.NaaptolSearchTest -->
      <class name="test.NaaptolCartTest">
        <test-method is-config="true" signature="LaunchApplication()[pri:0, instance:test.NaaptolCartTest@2362f559]" started-at="2024-12-08T18:39:44 IST" name="LaunchApplication" finished-at="2024-12-08T18:40:02 IST" duration-ms="18054" status="PASS">
          <reporter-output>
          </reporter-output>
        </test-method> <!-- LaunchApplication -->
        <test-method signature="VerifyAddProductToCartUsingQuickView()[pri:1, instance:test.NaaptolCartTest@2362f559]" started-at="2024-12-08T18:40:02 IST" name="VerifyAddProductToCartUsingQuickView" finished-at="2024-12-08T18:40:11 IST" duration-ms="8379" status="PASS">
          <reporter-output>
          </reporter-output>
        </test-method> <!-- VerifyAddProductToCartUsingQuickView -->
        <test-method is-config="true" signature="LaunchApplication()[pri:0, instance:test.NaaptolCartTest@2362f559]" started-at="2024-12-08T18:40:11 IST" name="LaunchApplication" finished-at="2024-12-08T18:40:23 IST" duration-ms="11948" status="PASS">
          <reporter-output>
          </reporter-output>
        </test-method> <!-- LaunchApplication -->
        <test-method signature="VerifyAddingMultipleProductToCart()[pri:2, instance:test.NaaptolCartTest@2362f559]" started-at="2024-12-08T18:40:23 IST" name="VerifyAddingMultipleProductToCart" finished-at="2024-12-08T18:40:44 IST" duration-ms="21193" status="PASS">
          <reporter-output>
          </reporter-output>
        </test-method> <!-- VerifyAddingMultipleProductToCart -->
        <test-method is-config="true" signature="LaunchApplication()[pri:0, instance:test.NaaptolCartTest@2362f559]" started-at="2024-12-08T18:40:44 IST" name="LaunchApplication" finished-at="2024-12-08T18:40:56 IST" duration-ms="11577" status="PASS">
          <reporter-output>
          </reporter-output>
        </test-method> <!-- LaunchApplication -->
        <test-method signature="VerifyRemovingProductFromProduct()[pri:3, instance:test.NaaptolCartTest@2362f559]" started-at="2024-12-08T18:40:56 IST" name="VerifyRemovingProductFromProduct" finished-at="2024-12-08T18:41:22 IST" duration-ms="25898" status="PASS">
          <reporter-output>
          </reporter-output>
        </test-method> <!-- VerifyRemovingProductFromProduct -->
        <test-method is-config="true" signature="LaunchApplication()[pri:0, instance:test.NaaptolCartTest@2362f559]" started-at="2024-12-08T18:41:22 IST" name="LaunchApplication" finished-at="2024-12-08T18:42:09 IST" duration-ms="47184" status="PASS">
          <reporter-output>
          </reporter-output>
        </test-method> <!-- LaunchApplication -->
        <test-method signature="VerifyOnChangingProductQuantityCorrectAmountIsDisplayed()[pri:4, instance:test.NaaptolCartTest@2362f559]" started-at="2024-12-08T18:42:09 IST" name="VerifyOnChangingProductQuantityCorrectAmountIsDisplayed" finished-at="2024-12-08T18:42:35 IST" duration-ms="25729" status="PASS">
          <reporter-output>
          </reporter-output>
        </test-method> <!-- VerifyOnChangingProductQuantityCorrectAmountIsDisplayed -->
        <test-method is-config="true" signature="LaunchApplication()[pri:0, instance:test.NaaptolCartTest@2362f559]" started-at="2024-12-08T18:42:35 IST" name="LaunchApplication" finished-at="2024-12-08T18:42:52 IST" duration-ms="17132" status="PASS">
          <reporter-output>
          </reporter-output>
        </test-method> <!-- LaunchApplication -->
        <test-method signature="VerifyTotalAmountForMultipleProductInCart()[pri:5, instance:test.NaaptolCartTest@2362f559]" started-at="2024-12-08T18:42:52 IST" name="VerifyTotalAmountForMultipleProductInCart" finished-at="2024-12-08T18:43:24 IST" duration-ms="32179" status="PASS">
          <reporter-output>
          </reporter-output>
        </test-method> <!-- VerifyTotalAmountForMultipleProductInCart -->
      </class> <!-- test.NaaptolCartTest -->
      <class name="test.NaaptolHomeTest">
        <test-method is-config="true" signature="LaunchApplication()[pri:0, instance:test.NaaptolHomeTest@8297b3a]" started-at="2024-12-08T18:38:18 IST" name="LaunchApplication" finished-at="2024-12-08T18:38:30 IST" duration-ms="11793" status="PASS">
          <reporter-output>
          </reporter-output>
        </test-method> <!-- LaunchApplication -->
        <test-method signature="VerifyOnClickingShoppingCategories()[pri:1, instance:test.NaaptolHomeTest@8297b3a]" started-at="2024-12-08T18:38:30 IST" name="VerifyOnClickingShoppingCategories" finished-at="2024-12-08T18:38:32 IST" duration-ms="2176" status="PASS">
          <reporter-output>
          </reporter-output>
        </test-method> <!-- VerifyOnClickingShoppingCategories -->
        <test-method is-config="true" signature="LaunchApplication()[pri:0, instance:test.NaaptolHomeTest@8297b3a]" started-at="2024-12-08T18:38:32 IST" name="LaunchApplication" finished-at="2024-12-08T18:38:49 IST" duration-ms="16989" status="PASS">
          <reporter-output>
          </reporter-output>
        </test-method> <!-- LaunchApplication -->
        <test-method signature="VerifyProductDetailsInQuickView()[pri:2, instance:test.NaaptolHomeTest@8297b3a]" started-at="2024-12-08T18:38:49 IST" name="VerifyProductDetailsInQuickView" finished-at="2024-12-08T18:38:55 IST" duration-ms="6203" status="PASS">
          <reporter-output>
          </reporter-output>
        </test-method> <!-- VerifyProductDetailsInQuickView -->
        <test-method is-config="true" signature="LaunchApplication()[pri:0, instance:test.NaaptolHomeTest@8297b3a]" started-at="2024-12-08T18:38:55 IST" name="LaunchApplication" finished-at="2024-12-08T18:39:07 IST" duration-ms="12372" status="PASS">
          <reporter-output>
          </reporter-output>
        </test-method> <!-- LaunchApplication -->
        <test-method signature="verifyProductDetailsInNewTab()[pri:3, instance:test.NaaptolHomeTest@8297b3a]" started-at="2024-12-08T18:39:07 IST" name="verifyProductDetailsInNewTab" finished-at="2024-12-08T18:39:17 IST" duration-ms="10027" status="PASS">
          <reporter-output>
          </reporter-output>
        </test-method> <!-- verifyProductDetailsInNewTab -->
        <test-method is-config="true" signature="LaunchApplication()[pri:0, instance:test.NaaptolHomeTest@8297b3a]" started-at="2024-12-08T18:39:17 IST" name="LaunchApplication" finished-at="2024-12-08T18:39:34 IST" duration-ms="16599" status="PASS">
          <reporter-output>
          </reporter-output>
        </test-method> <!-- LaunchApplication -->
        <test-method signature="VerifySortFeature()[pri:4, instance:test.NaaptolHomeTest@8297b3a]" started-at="2024-12-08T18:39:34 IST" name="VerifySortFeature" finished-at="2024-12-08T18:39:44 IST" duration-ms="10316" status="PASS">
          <reporter-output>
          </reporter-output>
        </test-method> <!-- VerifySortFeature -->
      </class> <!-- test.NaaptolHomeTest -->
    </test> <!-- ChromeTest -->
  </suite> <!-- Suite -->
</testng-results>
