<?xml version="1.0" encoding="UTF-8"?>
<testng-results ignored="0" total="12" passed="12" failed="0" skipped="0">
  <reporter-output>
  </reporter-output>
  <suite started-at="2024-12-07T22:55:05 IST" name="Suite" finished-at="2024-12-07T22:59:50 IST" duration-ms="285166">
    <groups>
    </groups>
    <test started-at="2024-12-07T22:55:05 IST" name="ChromeTest" finished-at="2024-12-07T22:56:11 IST" duration-ms="65747">
      <class name="test.NaaptolHomeTest">
        <test-method is-config="true" signature="LaunchApplication(java.lang.String)[pri:0, instance:test.NaaptolHomeTest@44c03695]" started-at="2024-12-07T22:55:05 IST" name="LaunchApplication" finished-at="2024-12-07T22:55:16 IST" duration-ms="10745" status="PASS">
          <params>
            <param index="0">
              <value>
                <![CDATA[chrome]]>
              </value>
            </param>
          </params>
          <reporter-output>
          </reporter-output>
        </test-method> <!-- LaunchApplication -->
        <test-method signature="VerifyOnClickingShoppingCategories()[pri:1, instance:test.NaaptolHomeTest@44c03695]" started-at="2024-12-07T22:55:16 IST" name="VerifyOnClickingShoppingCategories" finished-at="2024-12-07T22:55:17 IST" duration-ms="578" status="PASS">
          <reporter-output>
          </reporter-output>
        </test-method> <!-- VerifyOnClickingShoppingCategories -->
        <test-method is-config="true" signature="LaunchApplication(java.lang.String)[pri:0, instance:test.NaaptolHomeTest@44c03695]" started-at="2024-12-07T22:55:17 IST" name="LaunchApplication" finished-at="2024-12-07T22:55:30 IST" duration-ms="12667" status="PASS">
          <params>
            <param index="0">
              <value>
                <![CDATA[chrome]]>
              </value>
            </param>
          </params>
          <reporter-output>
          </reporter-output>
        </test-method> <!-- LaunchApplication -->
        <test-method signature="VerifyProductDetailsInQuickView()[pri:2, instance:test.NaaptolHomeTest@44c03695]" started-at="2024-12-07T22:55:30 IST" name="VerifyProductDetailsInQuickView" finished-at="2024-12-07T22:55:38 IST" duration-ms="8796" status="PASS">
          <reporter-output>
          </reporter-output>
        </test-method> <!-- VerifyProductDetailsInQuickView -->
        <test-method is-config="true" signature="LaunchApplication(java.lang.String)[pri:0, instance:test.NaaptolHomeTest@44c03695]" started-at="2024-12-07T22:55:38 IST" name="LaunchApplication" finished-at="2024-12-07T22:55:49 IST" duration-ms="10578" status="PASS">
          <params>
            <param index="0">
              <value>
                <![CDATA[chrome]]>
              </value>
            </param>
          </params>
          <reporter-output>
          </reporter-output>
        </test-method> <!-- LaunchApplication -->
        <test-method signature="verifyProductDetailsInNewTab()[pri:3, instance:test.NaaptolHomeTest@44c03695]" started-at="2024-12-07T22:55:49 IST" name="verifyProductDetailsInNewTab" finished-at="2024-12-07T22:55:55 IST" duration-ms="6516" status="PASS">
          <reporter-output>
          </reporter-output>
        </test-method> <!-- verifyProductDetailsInNewTab -->
        <test-method is-config="true" signature="LaunchApplication(java.lang.String)[pri:0, instance:test.NaaptolHomeTest@44c03695]" started-at="2024-12-07T22:55:55 IST" name="LaunchApplication" finished-at="2024-12-07T22:56:03 IST" duration-ms="8031" status="PASS">
          <params>
            <param index="0">
              <value>
                <![CDATA[chrome]]>
              </value>
            </param>
          </params>
          <reporter-output>
          </reporter-output>
        </test-method> <!-- LaunchApplication -->
        <test-method signature="VerifySortFeature()[pri:4, instance:test.NaaptolHomeTest@44c03695]" started-at="2024-12-07T22:56:03 IST" name="VerifySortFeature" finished-at="2024-12-07T22:56:11 IST" duration-ms="7145" status="PASS">
          <reporter-output>
          </reporter-output>
        </test-method> <!-- VerifySortFeature -->
      </class> <!-- test.NaaptolHomeTest -->
    </test> <!-- ChromeTest -->
    <test started-at="2024-12-07T22:56:13 IST" name="EdgeTest" finished-at="2024-12-07T22:57:43 IST" duration-ms="89993">
      <class name="test.NaaptolHomeTest">
        <test-method is-config="true" signature="LaunchApplication(java.lang.String)[pri:0, instance:test.NaaptolHomeTest@26b3fd41]" started-at="2024-12-07T22:56:13 IST" name="LaunchApplication" finished-at="2024-12-07T22:56:25 IST" duration-ms="11582" status="PASS">
          <params>
            <param index="0">
              <value>
                <![CDATA[edge]]>
              </value>
            </param>
          </params>
          <reporter-output>
          </reporter-output>
        </test-method> <!-- LaunchApplication -->
        <test-method signature="VerifyOnClickingShoppingCategories()[pri:1, instance:test.NaaptolHomeTest@26b3fd41]" started-at="2024-12-07T22:56:25 IST" name="VerifyOnClickingShoppingCategories" finished-at="2024-12-07T22:56:25 IST" duration-ms="480" status="PASS">
          <reporter-output>
          </reporter-output>
        </test-method> <!-- VerifyOnClickingShoppingCategories -->
        <test-method is-config="true" signature="LaunchApplication(java.lang.String)[pri:0, instance:test.NaaptolHomeTest@26b3fd41]" started-at="2024-12-07T22:56:25 IST" name="LaunchApplication" finished-at="2024-12-07T22:56:43 IST" duration-ms="18256" status="PASS">
          <params>
            <param index="0">
              <value>
                <![CDATA[edge]]>
              </value>
            </param>
          </params>
          <reporter-output>
          </reporter-output>
        </test-method> <!-- LaunchApplication -->
        <test-method signature="VerifyProductDetailsInQuickView()[pri:2, instance:test.NaaptolHomeTest@26b3fd41]" started-at="2024-12-07T22:56:43 IST" name="VerifyProductDetailsInQuickView" finished-at="2024-12-07T22:56:50 IST" duration-ms="6254" status="PASS">
          <reporter-output>
          </reporter-output>
        </test-method> <!-- VerifyProductDetailsInQuickView -->
        <test-method is-config="true" signature="LaunchApplication(java.lang.String)[pri:0, instance:test.NaaptolHomeTest@26b3fd41]" started-at="2024-12-07T22:56:50 IST" name="LaunchApplication" finished-at="2024-12-07T22:57:07 IST" duration-ms="17972" status="PASS">
          <params>
            <param index="0">
              <value>
                <![CDATA[edge]]>
              </value>
            </param>
          </params>
          <reporter-output>
          </reporter-output>
        </test-method> <!-- LaunchApplication -->
        <test-method signature="verifyProductDetailsInNewTab()[pri:3, instance:test.NaaptolHomeTest@26b3fd41]" started-at="2024-12-07T22:57:07 IST" name="verifyProductDetailsInNewTab" finished-at="2024-12-07T22:57:20 IST" duration-ms="12022" status="PASS">
          <reporter-output>
          </reporter-output>
        </test-method> <!-- verifyProductDetailsInNewTab -->
        <test-method is-config="true" signature="LaunchApplication(java.lang.String)[pri:0, instance:test.NaaptolHomeTest@26b3fd41]" started-at="2024-12-07T22:57:20 IST" name="LaunchApplication" finished-at="2024-12-07T22:57:34 IST" duration-ms="14571" status="PASS">
          <params>
            <param index="0">
              <value>
                <![CDATA[edge]]>
              </value>
            </param>
          </params>
          <reporter-output>
          </reporter-output>
        </test-method> <!-- LaunchApplication -->
        <test-method signature="VerifySortFeature()[pri:4, instance:test.NaaptolHomeTest@26b3fd41]" started-at="2024-12-07T22:57:34 IST" name="VerifySortFeature" finished-at="2024-12-07T22:57:43 IST" duration-ms="8806" status="PASS">
          <reporter-output>
          </reporter-output>
        </test-method> <!-- VerifySortFeature -->
      </class> <!-- test.NaaptolHomeTest -->
    </test> <!-- EdgeTest -->
    <test started-at="2024-12-07T22:57:45 IST" name="FirefoxTest" finished-at="2024-12-07T22:59:50 IST" duration-ms="125516">
      <class name="test.NaaptolHomeTest">
        <test-method is-config="true" signature="LaunchApplication(java.lang.String)[pri:0, instance:test.NaaptolHomeTest@561b6512]" started-at="2024-12-07T22:57:45 IST" name="LaunchApplication" finished-at="2024-12-07T22:58:14 IST" duration-ms="29650" status="PASS">
          <params>
            <param index="0">
              <value>
                <![CDATA[firefox]]>
              </value>
            </param>
          </params>
          <reporter-output>
          </reporter-output>
        </test-method> <!-- LaunchApplication -->
        <test-method signature="VerifyOnClickingShoppingCategories()[pri:1, instance:test.NaaptolHomeTest@561b6512]" started-at="2024-12-07T22:58:14 IST" name="VerifyOnClickingShoppingCategories" finished-at="2024-12-07T22:58:15 IST" duration-ms="573" status="PASS">
          <reporter-output>
          </reporter-output>
        </test-method> <!-- VerifyOnClickingShoppingCategories -->
        <test-method is-config="true" signature="LaunchApplication(java.lang.String)[pri:0, instance:test.NaaptolHomeTest@561b6512]" started-at="2024-12-07T22:58:15 IST" name="LaunchApplication" finished-at="2024-12-07T22:58:34 IST" duration-ms="19557" status="PASS">
          <params>
            <param index="0">
              <value>
                <![CDATA[firefox]]>
              </value>
            </param>
          </params>
          <reporter-output>
          </reporter-output>
        </test-method> <!-- LaunchApplication -->
        <test-method signature="VerifyProductDetailsInQuickView()[pri:2, instance:test.NaaptolHomeTest@561b6512]" started-at="2024-12-07T22:58:34 IST" name="VerifyProductDetailsInQuickView" finished-at="2024-12-07T22:58:42 IST" duration-ms="7523" status="PASS">
          <reporter-output>
          </reporter-output>
        </test-method> <!-- VerifyProductDetailsInQuickView -->
        <test-method is-config="true" signature="LaunchApplication(java.lang.String)[pri:0, instance:test.NaaptolHomeTest@561b6512]" started-at="2024-12-07T22:58:42 IST" name="LaunchApplication" finished-at="2024-12-07T22:59:00 IST" duration-ms="18214" status="PASS">
          <params>
            <param index="0">
              <value>
                <![CDATA[firefox]]>
              </value>
            </param>
          </params>
          <reporter-output>
          </reporter-output>
        </test-method> <!-- LaunchApplication -->
        <test-method signature="verifyProductDetailsInNewTab()[pri:3, instance:test.NaaptolHomeTest@561b6512]" started-at="2024-12-07T22:59:00 IST" name="verifyProductDetailsInNewTab" finished-at="2024-12-07T22:59:07 IST" duration-ms="6598" status="PASS">
          <reporter-output>
          </reporter-output>
        </test-method> <!-- verifyProductDetailsInNewTab -->
        <test-method is-config="true" signature="LaunchApplication(java.lang.String)[pri:0, instance:test.NaaptolHomeTest@561b6512]" started-at="2024-12-07T22:59:07 IST" name="LaunchApplication" finished-at="2024-12-07T22:59:32 IST" duration-ms="25686" status="PASS">
          <params>
            <param index="0">
              <value>
                <![CDATA[firefox]]>
              </value>
            </param>
          </params>
          <reporter-output>
          </reporter-output>
        </test-method> <!-- LaunchApplication -->
        <test-method signature="VerifySortFeature()[pri:4, instance:test.NaaptolHomeTest@561b6512]" started-at="2024-12-07T22:59:33 IST" name="VerifySortFeature" finished-at="2024-12-07T22:59:50 IST" duration-ms="16942" status="PASS">
          <reporter-output>
          </reporter-output>
        </test-method> <!-- VerifySortFeature -->
      </class> <!-- test.NaaptolHomeTest -->
    </test> <!-- FirefoxTest -->
  </suite> <!-- Suite -->
</testng-results>
